TN:
SF:src\app.js
FN:9,(anonymous_0)
FN:10,(anonymous_1)
FN:18,(anonymous_2)
FN:19,(anonymous_3)
FN:24,(anonymous_4)
FN:25,(anonymous_5)
FN:26,(anonymous_6)
FNF:7
FNH:7
FNDA:1,(anonymous_0)
FNDA:4,(anonymous_1)
FNDA:7,(anonymous_2)
FNDA:14,(anonymous_3)
FNDA:1,(anonymous_4)
FNDA:1,(anonymous_5)
FNDA:1,(anonymous_6)
DA:1,1
DA:2,1
DA:4,1
DA:5,1
DA:7,1
DA:9,1
DA:11,4
DA:12,4
DA:13,4
DA:16,1
DA:19,14
DA:20,7
DA:21,3
DA:22,3
DA:24,1
DA:25,1
DA:27,1
DA:28,1
DA:31,1
LF:19
LH:19
BRDA:20,0,0,4
BRDA:20,0,1,3
BRF:2
BRH:2
end_of_record
